*** Starting uWSGI 2.0.21 (64bit) on [Mon Apr 10 22:27:52 2023] ***
compiled with version: 4.8.5 20150623 (Red Hat 4.8.5-44) on 09 March 2023 08:08:11
os: Linux-3.10.0-1160.71.1.el7.x86_64 #1 SMP Tue Jun 28 15:37:28 UTC 2022
nodename: hostoa
machine: x86_64
clock source: unix
detected number of CPU cores: 2
current working directory: /usr/share/nginx/html/api/oa
writing pidfile to uwsgi.pid
detected binary path: /usr/local/bin/uwsgi
!!! no internal routing support, rebuild with pcre support !!!
uWSGI running as root, you can use --uid/--gid/--chroot options
*** WARNING: you are running uWSGI as root !!! (use the --uid flag) *** 
chdir() to /projects/oa/
your memory page size is 4096 bytes
detected max file descriptor number: 1048576
lock engine: pthread robust mutexes
thunder lock: disabled (you can enable it with --thunder-lock)
uWSGI http bound on :8080 fd 4
uwsgi socket 0 bound to TCP address 127.0.0.1:35344 (port auto-assigned) fd 3
uWSGI running as root, you can use --uid/--gid/--chroot options
*** WARNING: you are running uWSGI as root !!! (use the --uid flag) *** 
Python version: 3.6.8 (default, Nov 16 2020, 16:55:22)  [GCC 4.8.5 20150623 (Red Hat 4.8.5-44)]
*** Python threads support is disabled. You can enable it with --enable-threads ***
Python main interpreter initialized at 0xf716b0
uWSGI running as root, you can use --uid/--gid/--chroot options
*** WARNING: you are running uWSGI as root !!! (use the --uid flag) *** 
your server socket listen backlog is limited to 100 connections
your mercy for graceful operations on workers is 60 seconds
mapped 364520 bytes (355 KB) for 4 cores
*** Operational MODE: preforking ***
WSGI app 0 (mountpoint='') ready in 1 seconds on interpreter 0xf716b0 pid: 6921 (default app)
mountpoint  already configured. skip.
uWSGI running as root, you can use --uid/--gid/--chroot options
*** WARNING: you are running uWSGI as root !!! (use the --uid flag) *** 
*** uWSGI is running in multiple interpreter mode ***
spawned uWSGI master process (pid: 6921)
spawned uWSGI worker 1 (pid: 6923, cores: 1)
spawned uWSGI worker 2 (pid: 6924, cores: 1)
spawned uWSGI worker 3 (pid: 6925, cores: 1)
spawned uWSGI worker 4 (pid: 6926, cores: 1)
spawned uWSGI http 1 (pid: 6927)
[pid: 6926|app: 0|req: 1/1] 127.0.0.1 () {46 vars in 733 bytes} [Mon Apr 10 22:28:13 2023] POST /api/oa/user/login => generated 101 bytes in 129 msecs (HTTP/1.0 200) 4 headers in 128 bytes (1 switches on core 0)
[pid: 6925|app: 0|req: 1/2] 127.0.0.1 () {46 vars in 733 bytes} [Mon Apr 10 22:28:20 2023] POST /api/oa/user/login => generated 101 bytes in 124 msecs (HTTP/1.0 200) 4 headers in 128 bytes (1 switches on core 0)
[pid: 6926|app: 0|req: 2/3] 127.0.0.1 () {42 vars in 680 bytes} [Mon Apr 10 22:28:36 2023] POST /api/oa/user/login => generated 101 bytes in 7 msecs (HTTP/1.0 200) 4 headers in 128 bytes (1 switches on core 0)
[pid: 6926|app: 0|req: 3/4] 127.0.0.1 () {42 vars in 680 bytes} [Mon Apr 10 22:31:15 2023] POST /api/oa/user/login => generated 101 bytes in 8 msecs (HTTP/1.0 200) 4 headers in 128 bytes (1 switches on core 0)
[pid: 6925|app: 0|req: 2/5] 127.0.0.1 () {42 vars in 680 bytes} [Mon Apr 10 22:31:24 2023] POST /api/oa/user/login => generated 126 bytes in 11 msecs (HTTP/1.0 200) 4 headers in 128 bytes (1 switches on core 0)
[pid: 6923|app: 0|req: 1/6] 127.0.0.1 () {38 vars in 775 bytes} [Mon Apr 10 22:31:24 2023] GET /api/oa/salary/list?username=dou&cookie=MjAyMzA0MTAyMjMxMjRkb3U=&page=1&pagesize=20&month=2023-04 => generated 2308 bytes in 134 msecs (HTTP/1.0 200) 4 headers in 129 bytes (1 switches on core 0)
[pid: 6923|app: 0|req: 2/7] 127.0.0.1 () {38 vars in 775 bytes} [Mon Apr 10 22:31:30 2023] GET /api/oa/salary/list?username=dou&cookie=MjAyMzA0MTAyMjMxMjRkb3U=&page=1&pagesize=20&month=2023-03 => generated 75 bytes in 9 msecs (HTTP/1.0 200) 4 headers in 127 bytes (1 switches on core 0)
Traceback (most recent call last):
  File "./common/error.py", line 24, in wrapper
    return func(request, *args, **kwargs)
  File "./oaapp/salary/upload.py", line 38, in do_post
    with open(file_path, 'wb', encoding="utf-8") as f:
ValueError: binary mode doesn't take an encoding argument

Traceback (most recent call last):
  File "./common/error.py", line 24, in wrapper
    return func(request, *args, **kwargs)
  File "./oaapp/salary/upload.py", line 38, in do_post
    with open(file_path, 'wb', encoding="utf-8") as f:
ValueError: binary mode doesn't take an encoding argument

[pid: 6926|app: 0|req: 4/8] 127.0.0.1 () {42 vars in 728 bytes} [Mon Apr 10 22:31:40 2023] POST /api/oa/salary/upload => generated 70 bytes in 19 msecs (HTTP/1.0 200) 4 headers in 127 bytes (1 switches on core 0)
Mon Apr 10 22:34:07 2023 - uWSGI worker 3 screams: UAAAAAAH my master disconnected: i will kill myself !!!
Mon Apr 10 22:34:07 2023 - uWSGI worker 4 screams: UAAAAAAH my master disconnected: i will kill myself !!!
Mon Apr 10 22:34:07 2023 - uWSGI worker 2 screams: UAAAAAAH my master disconnected: i will kill myself !!!
Mon Apr 10 22:34:07 2023 - uWSGI worker 1 screams: UAAAAAAH my master disconnected: i will kill myself !!!
*** Starting uWSGI 2.0.21 (64bit) on [Mon Apr 10 22:34:21 2023] ***
compiled with version: 4.8.5 20150623 (Red Hat 4.8.5-44) on 09 March 2023 08:08:11
os: Linux-3.10.0-1160.71.1.el7.x86_64 #1 SMP Tue Jun 28 15:37:28 UTC 2022
nodename: hostoa
machine: x86_64
clock source: unix
detected number of CPU cores: 2
current working directory: /usr/share/nginx/html/api/oa
writing pidfile to uwsgi.pid
detected binary path: /usr/local/bin/uwsgi
!!! no internal routing support, rebuild with pcre support !!!
uWSGI running as root, you can use --uid/--gid/--chroot options
*** WARNING: you are running uWSGI as root !!! (use the --uid flag) *** 
chdir() to /projects/oa/
your memory page size is 4096 bytes
detected max file descriptor number: 1048576
lock engine: pthread robust mutexes
thunder lock: disabled (you can enable it with --thunder-lock)
uWSGI http bound on :8080 fd 4
uwsgi socket 0 bound to TCP address 127.0.0.1:34859 (port auto-assigned) fd 3
uWSGI running as root, you can use --uid/--gid/--chroot options
*** WARNING: you are running uWSGI as root !!! (use the --uid flag) *** 
Python version: 3.6.8 (default, Nov 16 2020, 16:55:22)  [GCC 4.8.5 20150623 (Red Hat 4.8.5-44)]
*** Python threads support is disabled. You can enable it with --enable-threads ***
Python main interpreter initialized at 0x1a7e6b0
uWSGI running as root, you can use --uid/--gid/--chroot options
*** WARNING: you are running uWSGI as root !!! (use the --uid flag) *** 
your server socket listen backlog is limited to 100 connections
your mercy for graceful operations on workers is 60 seconds
mapped 364520 bytes (355 KB) for 4 cores
*** Operational MODE: preforking ***
WSGI app 0 (mountpoint='') ready in 1 seconds on interpreter 0x1a7e6b0 pid: 6958 (default app)
mountpoint  already configured. skip.
uWSGI running as root, you can use --uid/--gid/--chroot options
*** WARNING: you are running uWSGI as root !!! (use the --uid flag) *** 
*** uWSGI is running in multiple interpreter mode ***
spawned uWSGI master process (pid: 6958)
spawned uWSGI worker 1 (pid: 6960, cores: 1)
spawned uWSGI worker 2 (pid: 6961, cores: 1)
spawned uWSGI worker 3 (pid: 6962, cores: 1)
spawned uWSGI worker 4 (pid: 6963, cores: 1)
spawned uWSGI http 1 (pid: 6964)
*** Starting uWSGI 2.0.21 (64bit) on [Mon Apr 10 22:34:33 2023] ***
compiled with version: 4.8.5 20150623 (Red Hat 4.8.5-44) on 09 March 2023 08:08:11
os: Linux-3.10.0-1160.71.1.el7.x86_64 #1 SMP Tue Jun 28 15:37:28 UTC 2022
nodename: hostoa
machine: x86_64
clock source: unix
detected number of CPU cores: 2
current working directory: /usr/share/nginx/html/api/oa
writing pidfile to uwsgi.pid
detected binary path: /usr/local/bin/uwsgi
!!! no internal routing support, rebuild with pcre support !!!
uWSGI running as root, you can use --uid/--gid/--chroot options
*** WARNING: you are running uWSGI as root !!! (use the --uid flag) *** 
chdir() to /projects/oa/
your memory page size is 4096 bytes
detected max file descriptor number: 1048576
lock engine: pthread robust mutexes
thunder lock: disabled (you can enable it with --thunder-lock)
probably another instance of uWSGI is running on the same address (:8080).
bind(): Address already in use [core/socket.c line 769]
Traceback (most recent call last):
  File "./common/error.py", line 24, in wrapper
    return func(request, *args, **kwargs)
  File "./oaapp/salary/upload.py", line 38, in do_post
    with open(file_path, 'wb', encoding="utf-8") as f:
ValueError: binary mode doesn't take an encoding argument

Traceback (most recent call last):
  File "./common/error.py", line 24, in wrapper
    return func(request, *args, **kwargs)
  File "./oaapp/salary/upload.py", line 38, in do_post
    with open(file_path, 'wb', encoding="utf-8") as f:
ValueError: binary mode doesn't take an encoding argument

[pid: 6963|app: 0|req: 1/1] 127.0.0.1 () {46 vars in 781 bytes} [Mon Apr 10 22:35:16 2023] POST /api/oa/salary/upload => generated 70 bytes in 136 msecs (HTTP/1.0 200) 4 headers in 127 bytes (1 switches on core 0)
Mon Apr 10 22:35:49 2023 - uWSGI worker 2 screams: UAAAAAAH my master disconnected: i will kill myself !!!
Mon Apr 10 22:35:49 2023 - uWSGI worker 3 screams: UAAAAAAH my master disconnected: i will kill myself !!!
Mon Apr 10 22:35:49 2023 - uWSGI worker 1 screams: UAAAAAAH my master disconnected: i will kill myself !!!
Mon Apr 10 22:35:49 2023 - uWSGI worker 4 screams: UAAAAAAH my master disconnected: i will kill myself !!!
*** Starting uWSGI 2.0.21 (64bit) on [Mon Apr 10 22:35:55 2023] ***
compiled with version: 4.8.5 20150623 (Red Hat 4.8.5-44) on 09 March 2023 08:08:11
os: Linux-3.10.0-1160.71.1.el7.x86_64 #1 SMP Tue Jun 28 15:37:28 UTC 2022
nodename: hostoa
machine: x86_64
clock source: unix
detected number of CPU cores: 2
current working directory: /usr/share/nginx/html/api/oa
writing pidfile to uwsgi.pid
detected binary path: /usr/local/bin/uwsgi
!!! no internal routing support, rebuild with pcre support !!!
uWSGI running as root, you can use --uid/--gid/--chroot options
*** WARNING: you are running uWSGI as root !!! (use the --uid flag) *** 
chdir() to /projects/oa/
your memory page size is 4096 bytes
detected max file descriptor number: 1048576
lock engine: pthread robust mutexes
thunder lock: disabled (you can enable it with --thunder-lock)
uWSGI http bound on :8080 fd 4
uwsgi socket 0 bound to TCP address 127.0.0.1:45692 (port auto-assigned) fd 3
uWSGI running as root, you can use --uid/--gid/--chroot options
*** WARNING: you are running uWSGI as root !!! (use the --uid flag) *** 
Python version: 3.6.8 (default, Nov 16 2020, 16:55:22)  [GCC 4.8.5 20150623 (Red Hat 4.8.5-44)]
*** Python threads support is disabled. You can enable it with --enable-threads ***
Python main interpreter initialized at 0x27356b0
uWSGI running as root, you can use --uid/--gid/--chroot options
*** WARNING: you are running uWSGI as root !!! (use the --uid flag) *** 
your server socket listen backlog is limited to 100 connections
your mercy for graceful operations on workers is 60 seconds
mapped 364520 bytes (355 KB) for 4 cores
*** Operational MODE: preforking ***
WSGI app 0 (mountpoint='') ready in 0 seconds on interpreter 0x27356b0 pid: 6980 (default app)
mountpoint  already configured. skip.
uWSGI running as root, you can use --uid/--gid/--chroot options
*** WARNING: you are running uWSGI as root !!! (use the --uid flag) *** 
*** uWSGI is running in multiple interpreter mode ***
spawned uWSGI master process (pid: 6980)
spawned uWSGI worker 1 (pid: 6982, cores: 1)
spawned uWSGI worker 2 (pid: 6983, cores: 1)
spawned uWSGI worker 3 (pid: 6984, cores: 1)
spawned uWSGI worker 4 (pid: 6985, cores: 1)
spawned uWSGI http 1 (pid: 6986)
Traceback (most recent call last):
  File "./common/error.py", line 24, in wrapper
    return func(request, *args, **kwargs)
  File "./oaapp/salary/upload.py", line 38, in do_post
    with open(file_path, 'wb', encoding="utf-8") as f:
ValueError: binary mode doesn't take an encoding argument

Traceback (most recent call last):
  File "./common/error.py", line 24, in wrapper
    return func(request, *args, **kwargs)
  File "./oaapp/salary/upload.py", line 38, in do_post
    with open(file_path, 'wb', encoding="utf-8") as f:
ValueError: binary mode doesn't take an encoding argument

[pid: 6984|app: 0|req: 1/1] 127.0.0.1 () {46 vars in 781 bytes} [Mon Apr 10 22:36:18 2023] POST /api/oa/salary/upload => generated 70 bytes in 136 msecs (HTTP/1.0 200) 4 headers in 127 bytes (1 switches on core 0)
Mon Apr 10 22:38:07 2023 - uWSGI worker 1 screams: UAAAAAAH my master disconnected: i will kill myself !!!
Mon Apr 10 22:38:07 2023 - uWSGI worker 4 screams: UAAAAAAH my master disconnected: i will kill myself !!!
Mon Apr 10 22:38:07 2023 - uWSGI worker 3 screams: UAAAAAAH my master disconnected: i will kill myself !!!
Mon Apr 10 22:38:07 2023 - uWSGI worker 2 screams: UAAAAAAH my master disconnected: i will kill myself !!!
*** Starting uWSGI 2.0.21 (64bit) on [Mon Apr 10 22:38:23 2023] ***
compiled with version: 4.8.5 20150623 (Red Hat 4.8.5-44) on 09 March 2023 08:08:11
os: Linux-3.10.0-1160.71.1.el7.x86_64 #1 SMP Tue Jun 28 15:37:28 UTC 2022
nodename: hostoa
machine: x86_64
clock source: unix
detected number of CPU cores: 2
current working directory: /usr/share/nginx/html/api/oa
writing pidfile to uwsgi.pid
detected binary path: /usr/local/bin/uwsgi
!!! no internal routing support, rebuild with pcre support !!!
uWSGI running as root, you can use --uid/--gid/--chroot options
*** WARNING: you are running uWSGI as root !!! (use the --uid flag) *** 
chdir() to /projects/oa/
your memory page size is 4096 bytes
detected max file descriptor number: 1048576
lock engine: pthread robust mutexes
thunder lock: disabled (you can enable it with --thunder-lock)
uWSGI http bound on :8080 fd 4
uwsgi socket 0 bound to TCP address 127.0.0.1:44417 (port auto-assigned) fd 3
uWSGI running as root, you can use --uid/--gid/--chroot options
*** WARNING: you are running uWSGI as root !!! (use the --uid flag) *** 
Python version: 3.6.8 (default, Nov 16 2020, 16:55:22)  [GCC 4.8.5 20150623 (Red Hat 4.8.5-44)]
*** Python threads support is disabled. You can enable it with --enable-threads ***
Python main interpreter initialized at 0xd016b0
uWSGI running as root, you can use --uid/--gid/--chroot options
*** WARNING: you are running uWSGI as root !!! (use the --uid flag) *** 
your server socket listen backlog is limited to 100 connections
your mercy for graceful operations on workers is 60 seconds
mapped 364520 bytes (355 KB) for 4 cores
*** Operational MODE: preforking ***
WSGI app 0 (mountpoint='') ready in 0 seconds on interpreter 0xd016b0 pid: 7003 (default app)
mountpoint  already configured. skip.
uWSGI running as root, you can use --uid/--gid/--chroot options
*** WARNING: you are running uWSGI as root !!! (use the --uid flag) *** 
*** uWSGI is running in multiple interpreter mode ***
spawned uWSGI master process (pid: 7003)
spawned uWSGI worker 1 (pid: 7005, cores: 1)
spawned uWSGI worker 2 (pid: 7006, cores: 1)
spawned uWSGI worker 3 (pid: 7007, cores: 1)
spawned uWSGI worker 4 (pid: 7008, cores: 1)
spawned uWSGI http 1 (pid: 7009)
